2020/07/01 18:32:18 [error] [exception.ParseError] ParseError: syntax error, unexpected '=>' (T_DOUBLE_ARROW), expecting ')' in C:\xampp\htdocs\covid\protected\views\site\infocontacto.php:4
Stack trace:
#0 C:\xampp\htdocs\framework\web\CBaseController.php(95): CBaseController->renderInternal('C:\\xampp\\htdocs...', Array, true)
#1 C:\xampp\htdocs\framework\web\CController.php(869): CBaseController->renderFile('C:\\xampp\\htdocs...', Array, true)
#2 C:\xampp\htdocs\framework\web\CController.php(782): CController->renderPartial('infocontacto', Array, true)
#3 C:\xampp\htdocs\covid\protected\controllers\SiteController.php(51): CController->render('infocontacto', Array)
#4 C:\xampp\htdocs\framework\web\actions\CInlineAction.php(49): SiteController->actionInfocontacto()
#5 C:\xampp\htdocs\framework\web\CController.php(308): CInlineAction->runWithParams(Array)
#6 C:\xampp\htdocs\framework\web\CController.php(286): CController->runAction(Object(CInlineAction))
#7 C:\xampp\htdocs\framework\web\CController.php(265): CController->runActionWithFilters(Object(CInlineAction), Array)
#8 C:\xampp\htdocs\framework\web\CWebApplication.php(282): CController->run('infocontacto')
#9 C:\xampp\htdocs\framework\web\CWebApplication.php(141): CWebApplication->runController('site/infocontac...')
#10 C:\xampp\htdocs\framework\base\CApplication.php(180): CWebApplication->processRequest()
#11 C:\xampp\htdocs\covid\index.php(13): CApplication->run()
#12 {main}
REQUEST_URI=/covid/index.php/site/infocontacto
HTTP_REFERER=http://localhost/covid/index.php
---
2020/07/01 19:02:13 [error] [exception.CException] CException: Property "Infocontacto.ID" is not defined. in C:\xampp\htdocs\framework\base\CComponent.php:130
Stack trace:
#0 C:\xampp\htdocs\framework\db\ar\CActiveRecord.php(145): CComponent->__get('ID')
#1 C:\xampp\htdocs\covid\protected\controllers\SiteController.php(55): CActiveRecord->__get('ID')
#2 C:\xampp\htdocs\framework\web\actions\CInlineAction.php(49): SiteController->actionInfocontacto()
#3 C:\xampp\htdocs\framework\web\CController.php(308): CInlineAction->runWithParams(Array)
#4 C:\xampp\htdocs\framework\web\CController.php(286): CController->runAction(Object(CInlineAction))
#5 C:\xampp\htdocs\framework\web\CController.php(265): CController->runActionWithFilters(Object(CInlineAction), Array)
#6 C:\xampp\htdocs\framework\web\CWebApplication.php(282): CController->run('infocontacto')
#7 C:\xampp\htdocs\framework\web\CWebApplication.php(141): CWebApplication->runController('site/infocontac...')
#8 C:\xampp\htdocs\framework\base\CApplication.php(180): CWebApplication->processRequest()
#9 C:\xampp\htdocs\covid\index.php(13): CApplication->run()
#10 {main}
REQUEST_URI=/covid/index.php/site/infocontacto
HTTP_REFERER=http://localhost/covid/index.php/site/infocontacto
---
2020/07/01 19:06:20 [error] [php] Undefined variable: preguntas (C:\xampp\htdocs\covid\protected\views\site\preguntas.php:12)
Stack trace:
#0 C:\xampp\htdocs\framework\web\CController.php(869): SiteController->renderFile()
#1 C:\xampp\htdocs\framework\web\CController.php(782): SiteController->renderPartial()
#2 C:\xampp\htdocs\covid\protected\controllers\SiteController.php(62): SiteController->render()
#3 C:\xampp\htdocs\framework\web\actions\CInlineAction.php(49): SiteController->actionPreguntas()
#4 C:\xampp\htdocs\framework\web\CController.php(308): CInlineAction->runWithParams()
#5 C:\xampp\htdocs\framework\web\CController.php(286): SiteController->runAction()
#6 C:\xampp\htdocs\framework\web\CController.php(265): SiteController->runActionWithFilters()
#7 C:\xampp\htdocs\framework\web\CWebApplication.php(282): SiteController->run()
#8 C:\xampp\htdocs\framework\web\CWebApplication.php(141): CWebApplication->runController()
#9 C:\xampp\htdocs\framework\base\CApplication.php(180): CWebApplication->processRequest()
#10 C:\xampp\htdocs\covid\index.php(13): CWebApplication->run()
REQUEST_URI=/covid/index.php/site/preguntas/1
in C:\xampp\htdocs\covid\protected\views\site\preguntas.php (12)
in C:\xampp\htdocs\covid\protected\controllers\SiteController.php (62)
in C:\xampp\htdocs\covid\index.php (13)
2020/07/01 19:43:16 [error] [exception.ParseError] ParseError: syntax error, unexpected 'actionFinal' (T_STRING), expecting function (T_FUNCTION) or const (T_CONST) in C:\xampp\htdocs\covid\protected\controllers\SiteController.php:81
Stack trace:
#0 C:\xampp\htdocs\framework\web\CWebApplication.php(276): CWebApplication->createController('preguntas/')
#1 C:\xampp\htdocs\framework\web\CWebApplication.php(141): CWebApplication->runController('site/preguntas')
#2 C:\xampp\htdocs\framework\base\CApplication.php(180): CWebApplication->processRequest()
#3 C:\xampp\htdocs\covid\index.php(13): CApplication->run()
#4 {main}
REQUEST_URI=/covid/index.php/site/preguntas?contacto=1
HTTP_REFERER=http://localhost/covid/index.php/site/preguntas?contacto=1
---
2020/07/01 19:43:30 [error] [exception.CException] CException: SiteController cannot find the requested view "finalizar". in C:\xampp\htdocs\framework\web\CController.php:878
Stack trace:
#0 C:\xampp\htdocs\framework\web\CController.php(782): CController->renderPartial('finalizar', NULL, true)
#1 C:\xampp\htdocs\covid\protected\controllers\SiteController.php(83): CController->render('finalizar')
#2 C:\xampp\htdocs\framework\web\actions\CInlineAction.php(49): SiteController->actionFinal()
#3 C:\xampp\htdocs\framework\web\CController.php(308): CInlineAction->runWithParams(Array)
#4 C:\xampp\htdocs\framework\web\CController.php(286): CController->runAction(Object(CInlineAction))
#5 C:\xampp\htdocs\framework\web\CController.php(265): CController->runActionWithFilters(Object(CInlineAction), Array)
#6 C:\xampp\htdocs\framework\web\CWebApplication.php(282): CController->run('final')
#7 C:\xampp\htdocs\framework\web\CWebApplication.php(141): CWebApplication->runController('site/final')
#8 C:\xampp\htdocs\framework\base\CApplication.php(180): CWebApplication->processRequest()
#9 C:\xampp\htdocs\covid\index.php(13): CApplication->run()
#10 {main}
REQUEST_URI=/covid/index.php/site/final?contacto=
HTTP_REFERER=http://localhost/covid/index.php/site/preguntas?contacto=1
---
2020/07/01 20:01:31 [error] [exception.ParseError] ParseError: syntax error, unexpected 'else' (T_ELSE) in C:\xampp\htdocs\covid\protected\views\site\final.php:27
Stack trace:
#0 C:\xampp\htdocs\framework\web\CBaseController.php(95): CBaseController->renderInternal('C:\\xampp\\htdocs...', Array, true)
#1 C:\xampp\htdocs\framework\web\CController.php(869): CBaseController->renderFile('C:\\xampp\\htdocs...', Array, true)
#2 C:\xampp\htdocs\framework\web\CController.php(782): CController->renderPartial('final', Array, true)
#3 C:\xampp\htdocs\covid\protected\controllers\SiteController.php(88): CController->render('final', Array)
#4 C:\xampp\htdocs\framework\web\actions\CInlineAction.php(49): SiteController->actionFinal()
#5 C:\xampp\htdocs\framework\web\CController.php(308): CInlineAction->runWithParams(Array)
#6 C:\xampp\htdocs\framework\web\CController.php(286): CController->runAction(Object(CInlineAction))
#7 C:\xampp\htdocs\framework\web\CController.php(265): CController->runActionWithFilters(Object(CInlineAction), Array)
#8 C:\xampp\htdocs\framework\web\CWebApplication.php(282): CController->run('final')
#9 C:\xampp\htdocs\framework\web\CWebApplication.php(141): CWebApplication->runController('site/final')
#10 C:\xampp\htdocs\framework\base\CApplication.php(180): CWebApplication->processRequest()
#11 C:\xampp\htdocs\covid\index.php(13): CApplication->run()
#12 {main}
REQUEST_URI=/covid/index.php/site/final?contacto=1&alerta=1
HTTP_REFERER=http://localhost/covid/index.php/site/preguntas?contacto=1
---
